<?xml version="1.0" encoding="UTF-8"?>
<!-- Generated by org.testng.reporters.JUnitReportReporter -->
<testsuite hostname="BLR135CG9157DMW" failures="0" tests="1" name="Test_Scripts.LoginPage_test" time="12.248" errors="0" timestamp="2021-03-02T19:50:32 IST" skipped="0">
  <testcase classname="Test_Scripts.LoginPage_test" name="logintest" time="12.248"/>
  <system-out/>
</testsuite> <!-- Test_Scripts.LoginPage_test -->
