<?xml version="1.0" encoding="UTF-8"?>
<!-- Generated by org.testng.reporters.JUnitReportReporter -->
<testsuite hostname="BLR135CG9157DMW" failures="0" tests="6" name="Test_Scripts.Create_New_Event_Page_Test" time="120.564" errors="0" timestamp="2021-03-20T19:21:27 IST" skipped="0">
  <testcase classname="Test_Scripts.Create_New_Event_Page_Test" name="createnewCalendertest" time="21.705"/>
  <system-out/>
  <testcase classname="Test_Scripts.Create_New_Event_Page_Test" name="createnewCalendertest" time="22.870"/>
  <system-out/>
  <testcase classname="Test_Scripts.Create_New_Event_Page_Test" name="createnewCalendertest" time="19.632"/>
  <system-out/>
  <testcase classname="Test_Scripts.Create_New_Event_Page_Test" name="sample" time="12.420"/>
  <system-out>
a  </system-out>
  <testcase classname="Test_Scripts.Create_New_Event_Page_Test" name="createnewCalendertest" time="21.915"/>
  <system-out/>
  <testcase classname="Test_Scripts.Create_New_Event_Page_Test" name="createnewCalendertest" time="22.022"/>
  <system-out/>
</testsuite> <!-- Test_Scripts.Create_New_Event_Page_Test -->
