<?xml version="1.0" encoding="UTF-8"?>
<!-- Generated by org.testng.reporters.JUnitReportReporter -->
<testsuite hostname="BLR135CG9157DMW" failures="0" tests="1" name="Test_Scripts.CreateNewCompanyAndValidate" time="36.092" errors="0" timestamp="2021-03-15T19:03:14 IST" skipped="0">
  <testcase classname="Test_Scripts.CreateNewCompanyAndValidate" name="CreateNewCompanyTest" time="36.092"/>
  <system-out/>
</testsuite> <!-- Test_Scripts.CreateNewCompanyAndValidate -->
