<?xml version="1.0" encoding="UTF-8"?>
<!-- Generated by org.testng.reporters.JUnitReportReporter -->
<testsuite hostname="BLR135CG9157DMW" failures="0" tests="1" name="Test_Scripts.Home_Page_Test" time="15.252" errors="0" timestamp="2021-03-11T14:28:52 IST" skipped="0">
  <testcase classname="Test_Scripts.Home_Page_Test" name="homepagecomponents" time="15.252"/>
  <system-out/>
</testsuite> <!-- Test_Scripts.Home_Page_Test -->
