<?xml version="1.0" encoding="UTF-8"?>
<!-- Generated by org.testng.reporters.JUnitReportReporter -->
<testsuite hostname="BLR135CG9157DMW" failures="0" tests="1" name="com.crm.cogmento.genericUtilities.ScreenshotGenerics" time="5.462" errors="0" timestamp="2021-03-05T13:55:38 IST" skipped="0">
  <testcase classname="com.crm.cogmento.genericUtilities.ScreenshotGenerics" name="getSreenshot" time="5.462"/>
  <system-out/>
</testsuite> <!-- com.crm.cogmento.genericUtilities.ScreenshotGenerics -->
